-- Found ament_cmake: 1.3.9 (/opt/ros/humble/share/ament_cmake/cmake)
-- Override CMake install command with custom implementation using symlinks instead of copying resources
-- Found ament_lint_auto: 0.12.11 (/opt/ros/humble/share/ament_lint_auto/cmake)
-- Found rclcpp: 16.0.9 (/opt/ros/humble/share/rclcpp/cmake)
-- Found rosidl_generator_c: 3.1.5 (/opt/ros/humble/share/rosidl_generator_c/cmake)
-- Found rosidl_adapter: 3.1.5 (/opt/ros/humble/share/rosidl_adapter/cmake)
-- Found rosidl_generator_cpp: 3.1.5 (/opt/ros/humble/share/rosidl_generator_cpp/cmake)
-- Using all available rosidl_typesupport_c: rosidl_typesupport_fastrtps_c;rosidl_typesupport_introspection_c
-- Using all available rosidl_typesupport_cpp: rosidl_typesupport_fastrtps_cpp;rosidl_typesupport_introspection_cpp
-- Found rmw_implementation_cmake: 6.1.2 (/opt/ros/humble/share/rmw_implementation_cmake/cmake)
-- Found rmw_fastrtps_cpp: 6.2.6 (/opt/ros/humble/share/rmw_fastrtps_cpp/cmake)
-- Found OpenSSL: /usr/lib/x86_64-linux-gnu/libcrypto.so (found version "3.0.2")  
-- Found FastRTPS: /opt/ros/humble/include  
-- Using RMW implementation 'rmw_fastrtps_cpp' as default
-- Looking for pthread.h
-- Looking for pthread.h - found
-- Performing Test CMAKE_HAVE_LIBC_PTHREAD
-- Performing Test CMAKE_HAVE_LIBC_PTHREAD - Success
-- Found Threads: TRUE  
-- Added test 'cppcheck' to perform static code analysis on C / C++ code
-- Configured cppcheck include dirs: /home/system/ros2_ws/src/dyros_cmake/include
-- Configured cppcheck exclude dirs and/or files: 
-- Added test 'flake8' to check Python code syntax and style conventions
-- Added test 'lint_cmake' to check CMake code style
-- Added test 'pep257' to check Python code against some of the docstring style conventions in PEP 257
-- Added test 'uncrustify' to check C / C++ code style
-- Configured uncrustify additional arguments: 
-- Added test 'xmllint' to check XML markup files
-- Configuring done
-- Generating done
-- Build files have been written to: /home/system/ros2_ws/build/dyros_cmake
[ 50%] [32mBuilding CXX object CMakeFiles/dyros_cpp_pub.dir/src/dyros_cpp_pub.cpp.o[0m
[ 50%] [32mBuilding CXX object CMakeFiles/dyros_cpp_sub.dir/src/dyros_cpp_sub.cpp.o[0m
[ 75%] [32m[1mLinking CXX executable dyros_cpp_pub[0m
[ 75%] Built target dyros_cpp_pub
[100%] [32m[1mLinking CXX executable dyros_cpp_sub[0m
[100%] Built target dyros_cpp_sub
-- Install configuration: ""
-- Execute custom install script
-- Symlinking: /home/system/ros2_ws/install/dyros_cmake/lib/dyros_cmake/dyros_cpp_pub
-- Symlinking: /home/system/ros2_ws/install/dyros_cmake/lib/dyros_cmake/dyros_cpp_sub
-- Symlinking: /home/system/ros2_ws/install/dyros_cmake/share/ament_index/resource_index/package_run_dependencies/dyros_cmake
-- Symlinking: /home/system/ros2_ws/install/dyros_cmake/share/ament_index/resource_index/parent_prefix_path/dyros_cmake
-- Symlinking: /home/system/ros2_ws/install/dyros_cmake/share/dyros_cmake/environment/ament_prefix_path.sh
-- Symlinking: /home/system/ros2_ws/install/dyros_cmake/share/dyros_cmake/environment/ament_prefix_path.dsv
-- Symlinking: /home/system/ros2_ws/install/dyros_cmake/share/dyros_cmake/environment/path.sh
-- Symlinking: /home/system/ros2_ws/install/dyros_cmake/share/dyros_cmake/environment/path.dsv
-- Symlinking: /home/system/ros2_ws/install/dyros_cmake/share/dyros_cmake/local_setup.bash
-- Symlinking: /home/system/ros2_ws/install/dyros_cmake/share/dyros_cmake/local_setup.sh
-- Symlinking: /home/system/ros2_ws/install/dyros_cmake/share/dyros_cmake/local_setup.zsh
-- Symlinking: /home/system/ros2_ws/install/dyros_cmake/share/dyros_cmake/local_setup.dsv
-- Symlinking: /home/system/ros2_ws/install/dyros_cmake/share/dyros_cmake/package.dsv
-- Symlinking: /home/system/ros2_ws/install/dyros_cmake/share/ament_index/resource_index/packages/dyros_cmake
-- Symlinking: /home/system/ros2_ws/install/dyros_cmake/share/dyros_cmake/cmake/dyros_cmakeConfig.cmake
-- Symlinking: /home/system/ros2_ws/install/dyros_cmake/share/dyros_cmake/cmake/dyros_cmakeConfig-version.cmake
-- Symlinking: /home/system/ros2_ws/install/dyros_cmake/share/dyros_cmake/package.xml
