[0.009s] Invoking command in '/home/system/ros2_ws/build/dyros_cmake': CMAKE_PREFIX_PATH=${CMAKE_PREFIX_PATH}:/opt/ros/humble /usr/bin/cmake /home/system/ros2_ws/src/dyros_cmake -DAMENT_CMAKE_SYMLINK_INSTALL=1 -DCMAKE_INSTALL_PREFIX=/home/system/ros2_ws/install/dyros_cmake
[0.023s] -- Found ament_cmake: 1.3.9 (/opt/ros/humble/share/ament_cmake/cmake)
[0.109s] -- Override CMake install command with custom implementation using symlinks instead of copying resources
[0.122s] -- Found ament_lint_auto: 0.12.11 (/opt/ros/humble/share/ament_lint_auto/cmake)
[0.126s] -- Found rclcpp: 16.0.9 (/opt/ros/humble/share/rclcpp/cmake)
[0.163s] -- Found rosidl_generator_c: 3.1.5 (/opt/ros/humble/share/rosidl_generator_c/cmake)
[0.168s] -- Found rosidl_adapter: 3.1.5 (/opt/ros/humble/share/rosidl_adapter/cmake)
[0.175s] -- Found rosidl_generator_cpp: 3.1.5 (/opt/ros/humble/share/rosidl_generator_cpp/cmake)
[0.188s] -- Using all available rosidl_typesupport_c: rosidl_typesupport_fastrtps_c;rosidl_typesupport_introspection_c
[0.203s] -- Using all available rosidl_typesupport_cpp: rosidl_typesupport_fastrtps_cpp;rosidl_typesupport_introspection_cpp
[0.256s] -- Found rmw_implementation_cmake: 6.1.2 (/opt/ros/humble/share/rmw_implementation_cmake/cmake)
[0.259s] -- Found rmw_fastrtps_cpp: 6.2.6 (/opt/ros/humble/share/rmw_fastrtps_cpp/cmake)
[0.325s] -- Found OpenSSL: /usr/lib/x86_64-linux-gnu/libcrypto.so (found version "3.0.2")  
[0.346s] -- Found FastRTPS: /opt/ros/humble/include  
[0.378s] -- Using RMW implementation 'rmw_fastrtps_cpp' as default
[0.386s] -- Looking for pthread.h
[0.443s] -- Looking for pthread.h - found
[0.443s] -- Performing Test CMAKE_HAVE_LIBC_PTHREAD
[0.491s] -- Performing Test CMAKE_HAVE_LIBC_PTHREAD - Success
[0.492s] -- Found Threads: TRUE  
[0.669s] -- Added test 'cppcheck' to perform static code analysis on C / C++ code
[0.669s] -- Configured cppcheck include dirs: /home/system/ros2_ws/src/dyros_cmake/include
[0.669s] -- Configured cppcheck exclude dirs and/or files: 
[0.670s] -- Added test 'flake8' to check Python code syntax and style conventions
[0.672s] -- Added test 'lint_cmake' to check CMake code style
[0.673s] -- Added test 'pep257' to check Python code against some of the docstring style conventions in PEP 257
[0.679s] -- Added test 'uncrustify' to check C / C++ code style
[0.679s] -- Configured uncrustify additional arguments: 
[0.680s] -- Added test 'xmllint' to check XML markup files
[0.681s] -- Configuring done
[0.688s] -- Generating done
[0.689s] -- Build files have been written to: /home/system/ros2_ws/build/dyros_cmake
[0.694s] Invoked command in '/home/system/ros2_ws/build/dyros_cmake' returned '0': CMAKE_PREFIX_PATH=${CMAKE_PREFIX_PATH}:/opt/ros/humble /usr/bin/cmake /home/system/ros2_ws/src/dyros_cmake -DAMENT_CMAKE_SYMLINK_INSTALL=1 -DCMAKE_INSTALL_PREFIX=/home/system/ros2_ws/install/dyros_cmake
[0.695s] Invoking command in '/home/system/ros2_ws/build/dyros_cmake': CMAKE_PREFIX_PATH=${CMAKE_PREFIX_PATH}:/opt/ros/humble /usr/bin/cmake --build /home/system/ros2_ws/build/dyros_cmake -- -j16 -l16
[0.725s] [ 50%] [32mBuilding CXX object CMakeFiles/dyros_cpp_pub.dir/src/dyros_cpp_pub.cpp.o[0m
[0.725s] [ 50%] [32mBuilding CXX object CMakeFiles/dyros_cpp_sub.dir/src/dyros_cpp_sub.cpp.o[0m
[3.422s] [ 75%] [32m[1mLinking CXX executable dyros_cpp_pub[0m
[3.560s] [ 75%] Built target dyros_cpp_pub
[5.466s] [100%] [32m[1mLinking CXX executable dyros_cpp_sub[0m
[5.675s] [100%] Built target dyros_cpp_sub
[5.686s] Invoked command in '/home/system/ros2_ws/build/dyros_cmake' returned '0': CMAKE_PREFIX_PATH=${CMAKE_PREFIX_PATH}:/opt/ros/humble /usr/bin/cmake --build /home/system/ros2_ws/build/dyros_cmake -- -j16 -l16
[5.708s] Invoking command in '/home/system/ros2_ws/build/dyros_cmake': CMAKE_PREFIX_PATH=${CMAKE_PREFIX_PATH}:/opt/ros/humble /usr/bin/cmake --install /home/system/ros2_ws/build/dyros_cmake
[5.713s] -- Install configuration: ""
[5.713s] -- Execute custom install script
[5.714s] -- Symlinking: /home/system/ros2_ws/install/dyros_cmake/lib/dyros_cmake/dyros_cpp_pub
[5.719s] -- Symlinking: /home/system/ros2_ws/install/dyros_cmake/lib/dyros_cmake/dyros_cpp_sub
[5.725s] -- Symlinking: /home/system/ros2_ws/install/dyros_cmake/share/ament_index/resource_index/package_run_dependencies/dyros_cmake
[5.729s] -- Symlinking: /home/system/ros2_ws/install/dyros_cmake/share/ament_index/resource_index/parent_prefix_path/dyros_cmake
[5.734s] -- Symlinking: /home/system/ros2_ws/install/dyros_cmake/share/dyros_cmake/environment/ament_prefix_path.sh
[5.739s] -- Symlinking: /home/system/ros2_ws/install/dyros_cmake/share/dyros_cmake/environment/ament_prefix_path.dsv
[5.744s] -- Symlinking: /home/system/ros2_ws/install/dyros_cmake/share/dyros_cmake/environment/path.sh
[5.750s] -- Symlinking: /home/system/ros2_ws/install/dyros_cmake/share/dyros_cmake/environment/path.dsv
[5.755s] -- Symlinking: /home/system/ros2_ws/install/dyros_cmake/share/dyros_cmake/local_setup.bash
[5.762s] -- Symlinking: /home/system/ros2_ws/install/dyros_cmake/share/dyros_cmake/local_setup.sh
[5.768s] -- Symlinking: /home/system/ros2_ws/install/dyros_cmake/share/dyros_cmake/local_setup.zsh
[5.774s] -- Symlinking: /home/system/ros2_ws/install/dyros_cmake/share/dyros_cmake/local_setup.dsv
[5.781s] -- Symlinking: /home/system/ros2_ws/install/dyros_cmake/share/dyros_cmake/package.dsv
[5.788s] -- Symlinking: /home/system/ros2_ws/install/dyros_cmake/share/ament_index/resource_index/packages/dyros_cmake
[5.794s] -- Symlinking: /home/system/ros2_ws/install/dyros_cmake/share/dyros_cmake/cmake/dyros_cmakeConfig.cmake
[5.798s] -- Symlinking: /home/system/ros2_ws/install/dyros_cmake/share/dyros_cmake/cmake/dyros_cmakeConfig-version.cmake
[5.803s] -- Symlinking: /home/system/ros2_ws/install/dyros_cmake/share/dyros_cmake/package.xml
[5.810s] Invoked command in '/home/system/ros2_ws/build/dyros_cmake' returned '0': CMAKE_PREFIX_PATH=${CMAKE_PREFIX_PATH}:/opt/ros/humble /usr/bin/cmake --install /home/system/ros2_ws/build/dyros_cmake
