[0.490s] Invoking command in '/home/system/ros2_ws/build/dyros_python': PYTHONPATH=/home/system/ros2_ws/build/dyros_python/prefix_override:/usr/lib/python3/dist-packages/colcon_core/task/python/colcon_distutils_commands:/home/system/ros2_ws/install/dyros_python/lib/python3.10/site-packages:${PYTHONPATH} /usr/bin/python3 -W ignore:setup.py install is deprecated setup.py develop --editable --build-directory /home/system/ros2_ws/build/dyros_python/build --no-deps symlink_data
[0.654s] running develop
[0.751s] running egg_info
[0.751s] creating dyros_python.egg-info
[0.751s] writing dyros_python.egg-info/PKG-INFO
[0.751s] writing dependency_links to dyros_python.egg-info/dependency_links.txt
[0.751s] writing entry points to dyros_python.egg-info/entry_points.txt
[0.751s] writing requirements to dyros_python.egg-info/requires.txt
[0.751s] writing top-level names to dyros_python.egg-info/top_level.txt
[0.752s] writing manifest file 'dyros_python.egg-info/SOURCES.txt'
[0.752s] reading manifest file 'dyros_python.egg-info/SOURCES.txt'
[0.753s] writing manifest file 'dyros_python.egg-info/SOURCES.txt'
[0.753s] running build_ext
[0.753s] Creating /home/system/ros2_ws/install/dyros_python/lib/python3.10/site-packages/dyros-python.egg-link (link to .)
[0.754s] 
[0.754s] Installed /home/system/ros2_ws/build/dyros_python
[0.754s] running symlink_data
[0.754s] creating /home/system/ros2_ws/install/dyros_python/share/ament_index
[0.754s] creating /home/system/ros2_ws/install/dyros_python/share/ament_index/resource_index
[0.754s] creating /home/system/ros2_ws/install/dyros_python/share/ament_index/resource_index/packages
[0.755s] symbolically linking /home/system/ros2_ws/build/dyros_python/resource/dyros_python -> /home/system/ros2_ws/install/dyros_python/share/ament_index/resource_index/packages
[0.755s] symbolically linking /home/system/ros2_ws/build/dyros_python/package.xml -> /home/system/ros2_ws/install/dyros_python/share/dyros_python
[0.774s] Invoked command in '/home/system/ros2_ws/build/dyros_python' returned '0': PYTHONPATH=/home/system/ros2_ws/build/dyros_python/prefix_override:/usr/lib/python3/dist-packages/colcon_core/task/python/colcon_distutils_commands:/home/system/ros2_ws/install/dyros_python/lib/python3.10/site-packages:${PYTHONPATH} /usr/bin/python3 -W ignore:setup.py install is deprecated setup.py develop --editable --build-directory /home/system/ros2_ws/build/dyros_python/build --no-deps symlink_data
