[0.097s] DEBUG:colcon:Command line arguments: ['/usr/bin/colcon', 'build', '--symlink-install']
[0.097s] DEBUG:colcon:Parsed command line arguments: Namespace(log_base=None, log_level=None, verb_name='build', build_base='build', install_base='install', merge_install=False, symlink_install=True, test_result_base=None, continue_on_error=False, executor='parallel', parallel_workers=16, event_handlers=None, ignore_user_meta=False, metas=['./colcon.meta'], base_paths=['.'], packages_ignore=None, packages_ignore_regex=None, paths=None, packages_up_to=None, packages_up_to_regex=None, packages_above=None, packages_above_and_dependencies=None, packages_above_depth=None, packages_select_by_dep=None, packages_skip_by_dep=None, packages_skip_up_to=None, packages_select_build_failed=False, packages_skip_build_finished=False, packages_select_test_failures=False, packages_skip_test_passed=False, packages_select=None, packages_skip=None, packages_select_regex=None, packages_skip_regex=None, packages_start=None, packages_end=None, allow_overriding=[], cmake_args=None, cmake_target=None, cmake_target_skip_unavailable=False, cmake_clean_cache=False, cmake_clean_first=False, cmake_force_configure=False, ament_cmake_args=None, catkin_cmake_args=None, catkin_skip_building_tests=False, mixin_files=None, mixin=None, verb_parser=<colcon_mixin.mixin.mixin_argument.MixinArgumentDecorator object at 0x7be43043ac50>, verb_extension=<colcon_core.verb.build.BuildVerb object at 0x7be43055b430>, main=<bound method BuildVerb.main of <colcon_core.verb.build.BuildVerb object at 0x7be43055b430>>, mixin_verb=('build',))
[0.221s] Level 1:colcon.colcon_core.package_discovery:discover_packages(colcon_meta) check parameters
[0.221s] Level 1:colcon.colcon_core.package_discovery:discover_packages(recursive) check parameters
[0.221s] Level 1:colcon.colcon_core.package_discovery:discover_packages(ignore) check parameters
[0.221s] Level 1:colcon.colcon_core.package_discovery:discover_packages(path) check parameters
[0.221s] Level 1:colcon.colcon_core.package_discovery:discover_packages(colcon_meta) discover
[0.221s] Level 1:colcon.colcon_core.package_discovery:discover_packages(recursive) discover
[0.221s] INFO:colcon.colcon_core.package_discovery:Crawling recursively for packages in '/home/system/ros2_ws'
[0.221s] Level 1:colcon.colcon_core.package_identification:_identify(.) by extensions ['ignore', 'ignore_ament_install']
[0.221s] Level 1:colcon.colcon_core.package_identification:_identify(.) by extension 'ignore'
[0.221s] Level 1:colcon.colcon_core.package_identification:_identify(.) by extension 'ignore_ament_install'
[0.221s] Level 1:colcon.colcon_core.package_identification:_identify(.) by extensions ['colcon_pkg']
[0.221s] Level 1:colcon.colcon_core.package_identification:_identify(.) by extension 'colcon_pkg'
[0.221s] Level 1:colcon.colcon_core.package_identification:_identify(.) by extensions ['colcon_meta']
[0.221s] Level 1:colcon.colcon_core.package_identification:_identify(.) by extension 'colcon_meta'
[0.221s] Level 1:colcon.colcon_core.package_identification:_identify(.) by extensions ['ros']
[0.221s] Level 1:colcon.colcon_core.package_identification:_identify(.) by extension 'ros'
[0.237s] Level 1:colcon.colcon_core.package_identification:_identify(.) by extensions ['cmake', 'python']
[0.237s] Level 1:colcon.colcon_core.package_identification:_identify(.) by extension 'cmake'
[0.237s] Level 1:colcon.colcon_core.package_identification:_identify(.) by extension 'python'
[0.237s] Level 1:colcon.colcon_core.package_identification:_identify(.) by extensions ['python_setup_py']
[0.237s] Level 1:colcon.colcon_core.package_identification:_identify(.) by extension 'python_setup_py'
[0.237s] Level 1:colcon.colcon_core.package_identification:_identify(build) by extensions ['ignore', 'ignore_ament_install']
[0.237s] Level 1:colcon.colcon_core.package_identification:_identify(build) by extension 'ignore'
[0.237s] Level 1:colcon.colcon_core.package_identification:_identify(build) ignored
[0.238s] Level 1:colcon.colcon_core.package_identification:_identify(install) by extensions ['ignore', 'ignore_ament_install']
[0.238s] Level 1:colcon.colcon_core.package_identification:_identify(install) by extension 'ignore'
[0.238s] Level 1:colcon.colcon_core.package_identification:_identify(install) ignored
[0.238s] Level 1:colcon.colcon_core.package_identification:_identify(log) by extensions ['ignore', 'ignore_ament_install']
[0.238s] Level 1:colcon.colcon_core.package_identification:_identify(log) by extension 'ignore'
[0.238s] Level 1:colcon.colcon_core.package_identification:_identify(log) ignored
[0.238s] Level 1:colcon.colcon_core.package_identification:_identify(src) by extensions ['ignore', 'ignore_ament_install']
[0.238s] Level 1:colcon.colcon_core.package_identification:_identify(src) by extension 'ignore'
[0.238s] Level 1:colcon.colcon_core.package_identification:_identify(src) by extension 'ignore_ament_install'
[0.238s] Level 1:colcon.colcon_core.package_identification:_identify(src) by extensions ['colcon_pkg']
[0.238s] Level 1:colcon.colcon_core.package_identification:_identify(src) by extension 'colcon_pkg'
[0.238s] Level 1:colcon.colcon_core.package_identification:_identify(src) by extensions ['colcon_meta']
[0.238s] Level 1:colcon.colcon_core.package_identification:_identify(src) by extension 'colcon_meta'
[0.238s] Level 1:colcon.colcon_core.package_identification:_identify(src) by extensions ['ros']
[0.238s] Level 1:colcon.colcon_core.package_identification:_identify(src) by extension 'ros'
[0.238s] Level 1:colcon.colcon_core.package_identification:_identify(src) by extensions ['cmake', 'python']
[0.238s] Level 1:colcon.colcon_core.package_identification:_identify(src) by extension 'cmake'
[0.238s] Level 1:colcon.colcon_core.package_identification:_identify(src) by extension 'python'
[0.238s] Level 1:colcon.colcon_core.package_identification:_identify(src) by extensions ['python_setup_py']
[0.238s] Level 1:colcon.colcon_core.package_identification:_identify(src) by extension 'python_setup_py'
[0.238s] Level 1:colcon.colcon_core.package_identification:_identify(src/dyros_cmake) by extensions ['ignore', 'ignore_ament_install']
[0.238s] Level 1:colcon.colcon_core.package_identification:_identify(src/dyros_cmake) by extension 'ignore'
[0.238s] Level 1:colcon.colcon_core.package_identification:_identify(src/dyros_cmake) by extension 'ignore_ament_install'
[0.238s] Level 1:colcon.colcon_core.package_identification:_identify(src/dyros_cmake) by extensions ['colcon_pkg']
[0.238s] Level 1:colcon.colcon_core.package_identification:_identify(src/dyros_cmake) by extension 'colcon_pkg'
[0.238s] Level 1:colcon.colcon_core.package_identification:_identify(src/dyros_cmake) by extensions ['colcon_meta']
[0.238s] Level 1:colcon.colcon_core.package_identification:_identify(src/dyros_cmake) by extension 'colcon_meta'
[0.238s] Level 1:colcon.colcon_core.package_identification:_identify(src/dyros_cmake) by extensions ['ros']
[0.238s] Level 1:colcon.colcon_core.package_identification:_identify(src/dyros_cmake) by extension 'ros'
[0.240s] DEBUG:colcon.colcon_core.package_identification:Package 'src/dyros_cmake' with type 'ros.ament_cmake' and name 'dyros_cmake'
[0.240s] Level 1:colcon.colcon_core.package_identification:_identify(src/dyros_python) by extensions ['ignore', 'ignore_ament_install']
[0.240s] Level 1:colcon.colcon_core.package_identification:_identify(src/dyros_python) by extension 'ignore'
[0.240s] Level 1:colcon.colcon_core.package_identification:_identify(src/dyros_python) by extension 'ignore_ament_install'
[0.240s] Level 1:colcon.colcon_core.package_identification:_identify(src/dyros_python) by extensions ['colcon_pkg']
[0.240s] Level 1:colcon.colcon_core.package_identification:_identify(src/dyros_python) by extension 'colcon_pkg'
[0.240s] Level 1:colcon.colcon_core.package_identification:_identify(src/dyros_python) by extensions ['colcon_meta']
[0.240s] Level 1:colcon.colcon_core.package_identification:_identify(src/dyros_python) by extension 'colcon_meta'
[0.240s] Level 1:colcon.colcon_core.package_identification:_identify(src/dyros_python) by extensions ['ros']
[0.240s] Level 1:colcon.colcon_core.package_identification:_identify(src/dyros_python) by extension 'ros'
[0.240s] DEBUG:colcon.colcon_core.package_identification:Package 'src/dyros_python' with type 'ros.ament_python' and name 'dyros_python'
[0.241s] Level 1:colcon.colcon_core.package_discovery:discover_packages(recursive) using defaults
[0.241s] Level 1:colcon.colcon_core.package_discovery:discover_packages(ignore) discover
[0.241s] Level 1:colcon.colcon_core.package_discovery:discover_packages(ignore) using defaults
[0.241s] Level 1:colcon.colcon_core.package_discovery:discover_packages(path) discover
[0.241s] Level 1:colcon.colcon_core.package_discovery:discover_packages(path) using defaults
[0.261s] Level 1:colcon.colcon_core.package_discovery:discover_packages(prefix_path) check parameters
[0.261s] Level 1:colcon.colcon_core.package_discovery:discover_packages(prefix_path) discover
[0.263s] DEBUG:colcon.colcon_installed_package_information.package_discovery:Found 1 installed packages in /home/system/ros2_ws/install
[0.264s] DEBUG:colcon.colcon_installed_package_information.package_discovery:Found 376 installed packages in /opt/ros/humble
[0.265s] Level 1:colcon.colcon_core.package_discovery:discover_packages(prefix_path) using defaults
[0.311s] Level 5:colcon.colcon_core.verb:set package 'dyros_cmake' build argument 'cmake_args' from command line to 'None'
[0.311s] Level 5:colcon.colcon_core.verb:set package 'dyros_cmake' build argument 'cmake_target' from command line to 'None'
[0.311s] Level 5:colcon.colcon_core.verb:set package 'dyros_cmake' build argument 'cmake_target_skip_unavailable' from command line to 'False'
[0.311s] Level 5:colcon.colcon_core.verb:set package 'dyros_cmake' build argument 'cmake_clean_cache' from command line to 'False'
[0.311s] Level 5:colcon.colcon_core.verb:set package 'dyros_cmake' build argument 'cmake_clean_first' from command line to 'False'
[0.311s] Level 5:colcon.colcon_core.verb:set package 'dyros_cmake' build argument 'cmake_force_configure' from command line to 'False'
[0.311s] Level 5:colcon.colcon_core.verb:set package 'dyros_cmake' build argument 'ament_cmake_args' from command line to 'None'
[0.311s] Level 5:colcon.colcon_core.verb:set package 'dyros_cmake' build argument 'catkin_cmake_args' from command line to 'None'
[0.311s] Level 5:colcon.colcon_core.verb:set package 'dyros_cmake' build argument 'catkin_skip_building_tests' from command line to 'False'
[0.311s] DEBUG:colcon.colcon_core.verb:Building package 'dyros_cmake' with the following arguments: {'ament_cmake_args': None, 'build_base': '/home/system/ros2_ws/build/dyros_cmake', 'catkin_cmake_args': None, 'catkin_skip_building_tests': False, 'cmake_args': None, 'cmake_clean_cache': False, 'cmake_clean_first': False, 'cmake_force_configure': False, 'cmake_target': None, 'cmake_target_skip_unavailable': False, 'install_base': '/home/system/ros2_ws/install/dyros_cmake', 'merge_install': False, 'path': '/home/system/ros2_ws/src/dyros_cmake', 'symlink_install': True, 'test_result_base': None}
[0.311s] Level 5:colcon.colcon_core.verb:set package 'dyros_python' build argument 'cmake_args' from command line to 'None'
[0.311s] Level 5:colcon.colcon_core.verb:set package 'dyros_python' build argument 'cmake_target' from command line to 'None'
[0.311s] Level 5:colcon.colcon_core.verb:set package 'dyros_python' build argument 'cmake_target_skip_unavailable' from command line to 'False'
[0.311s] Level 5:colcon.colcon_core.verb:set package 'dyros_python' build argument 'cmake_clean_cache' from command line to 'False'
[0.311s] Level 5:colcon.colcon_core.verb:set package 'dyros_python' build argument 'cmake_clean_first' from command line to 'False'
[0.311s] Level 5:colcon.colcon_core.verb:set package 'dyros_python' build argument 'cmake_force_configure' from command line to 'False'
[0.311s] Level 5:colcon.colcon_core.verb:set package 'dyros_python' build argument 'ament_cmake_args' from command line to 'None'
[0.311s] Level 5:colcon.colcon_core.verb:set package 'dyros_python' build argument 'catkin_cmake_args' from command line to 'None'
[0.311s] Level 5:colcon.colcon_core.verb:set package 'dyros_python' build argument 'catkin_skip_building_tests' from command line to 'False'
[0.311s] DEBUG:colcon.colcon_core.verb:Building package 'dyros_python' with the following arguments: {'ament_cmake_args': None, 'build_base': '/home/system/ros2_ws/build/dyros_python', 'catkin_cmake_args': None, 'catkin_skip_building_tests': False, 'cmake_args': None, 'cmake_clean_cache': False, 'cmake_clean_first': False, 'cmake_force_configure': False, 'cmake_target': None, 'cmake_target_skip_unavailable': False, 'install_base': '/home/system/ros2_ws/install/dyros_python', 'merge_install': False, 'path': '/home/system/ros2_ws/src/dyros_python', 'symlink_install': True, 'test_result_base': None}
[0.311s] INFO:colcon.colcon_core.executor:Executing jobs using 'parallel' executor
[0.312s] DEBUG:colcon.colcon_parallel_executor.executor.parallel:run_until_complete
[0.312s] INFO:colcon.colcon_ros.task.ament_cmake.build:Building ROS package in '/home/system/ros2_ws/src/dyros_cmake' with build type 'ament_cmake'
[0.312s] INFO:colcon.colcon_cmake.task.cmake.build:Building CMake package in '/home/system/ros2_ws/src/dyros_cmake'
[0.314s] INFO:colcon.colcon_core.plugin_system:Skipping extension 'colcon_core.shell.bat': Not used on non-Windows systems
[0.314s] INFO:colcon.colcon_core.shell:Skip shell extension 'powershell' for command environment: Not usable outside of PowerShell
[0.314s] DEBUG:colcon.colcon_core.shell:Skip shell extension 'dsv' for command environment
[0.317s] INFO:colcon.colcon_ros.task.ament_python.build:Building ROS package in '/home/system/ros2_ws/src/dyros_python' with build type 'ament_python'
[0.317s] Level 1:colcon.colcon_core.shell:create_environment_hook('dyros_python', 'ament_prefix_path')
[0.317s] INFO:colcon.colcon_core.shell:Creating environment hook '/home/system/ros2_ws/install/dyros_python/share/dyros_python/hook/ament_prefix_path.ps1'
[0.317s] INFO:colcon.colcon_core.shell:Creating environment descriptor '/home/system/ros2_ws/install/dyros_python/share/dyros_python/hook/ament_prefix_path.dsv'
[0.318s] INFO:colcon.colcon_core.shell:Creating environment hook '/home/system/ros2_ws/install/dyros_python/share/dyros_python/hook/ament_prefix_path.sh'
[0.318s] INFO:colcon.colcon_core.shell:Skip shell extension 'powershell' for command environment: Not usable outside of PowerShell
[0.318s] DEBUG:colcon.colcon_core.shell:Skip shell extension 'dsv' for command environment
[0.322s] DEBUG:colcon.colcon_core.event_handler.log_command:Invoking command in '/home/system/ros2_ws/build/dyros_cmake': CMAKE_PREFIX_PATH=${CMAKE_PREFIX_PATH}:/opt/ros/humble /usr/bin/cmake /home/system/ros2_ws/src/dyros_cmake -DAMENT_CMAKE_SYMLINK_INSTALL=1 -DCMAKE_INSTALL_PREFIX=/home/system/ros2_ws/install/dyros_cmake
[0.494s] INFO:colcon.colcon_core.task.python.build:Building Python package in '/home/system/ros2_ws/src/dyros_python'
[0.494s] INFO:colcon.colcon_core.shell:Skip shell extension 'powershell' for command environment: Not usable outside of PowerShell
[0.494s] DEBUG:colcon.colcon_core.shell:Skip shell extension 'dsv' for command environment
[0.807s] DEBUG:colcon.colcon_core.event_handler.log_command:Invoking command in '/home/system/ros2_ws/build/dyros_python': PYTHONPATH=/home/system/ros2_ws/build/dyros_python/prefix_override:/usr/lib/python3/dist-packages/colcon_core/task/python/colcon_distutils_commands:/home/system/ros2_ws/install/dyros_python/lib/python3.10/site-packages:${PYTHONPATH} /usr/bin/python3 -W ignore:setup.py install is deprecated setup.py develop --editable --build-directory /home/system/ros2_ws/build/dyros_python/build --no-deps symlink_data
[1.007s] DEBUG:colcon.colcon_core.event_handler.log_command:Invoked command in '/home/system/ros2_ws/build/dyros_cmake' returned '0': CMAKE_PREFIX_PATH=${CMAKE_PREFIX_PATH}:/opt/ros/humble /usr/bin/cmake /home/system/ros2_ws/src/dyros_cmake -DAMENT_CMAKE_SYMLINK_INSTALL=1 -DCMAKE_INSTALL_PREFIX=/home/system/ros2_ws/install/dyros_cmake
[1.008s] DEBUG:colcon.colcon_core.event_handler.log_command:Invoking command in '/home/system/ros2_ws/build/dyros_cmake': CMAKE_PREFIX_PATH=${CMAKE_PREFIX_PATH}:/opt/ros/humble /usr/bin/cmake --build /home/system/ros2_ws/build/dyros_cmake -- -j16 -l16
[1.090s] Level 1:colcon.colcon_core.shell:create_environment_hook('dyros_python', 'pythonpath_develop')
[1.091s] INFO:colcon.colcon_core.shell:Creating environment hook '/home/system/ros2_ws/build/dyros_python/share/dyros_python/hook/pythonpath_develop.ps1'
[1.091s] DEBUG:colcon.colcon_core.event_handler.log_command:Invoked command in '/home/system/ros2_ws/build/dyros_python' returned '0': PYTHONPATH=/home/system/ros2_ws/build/dyros_python/prefix_override:/usr/lib/python3/dist-packages/colcon_core/task/python/colcon_distutils_commands:/home/system/ros2_ws/install/dyros_python/lib/python3.10/site-packages:${PYTHONPATH} /usr/bin/python3 -W ignore:setup.py install is deprecated setup.py develop --editable --build-directory /home/system/ros2_ws/build/dyros_python/build --no-deps symlink_data
[1.092s] INFO:colcon.colcon_core.shell:Creating environment descriptor '/home/system/ros2_ws/build/dyros_python/share/dyros_python/hook/pythonpath_develop.dsv'
[1.092s] INFO:colcon.colcon_core.shell:Creating environment hook '/home/system/ros2_ws/build/dyros_python/share/dyros_python/hook/pythonpath_develop.sh'
[1.096s] Level 1:colcon.colcon_core.environment:checking '/home/system/ros2_ws/install/dyros_python' for CMake module files
[1.096s] Level 1:colcon.colcon_core.environment:checking '/home/system/ros2_ws/install/dyros_python' for CMake config files
[1.097s] Level 1:colcon.colcon_core.environment:checking '/home/system/ros2_ws/install/dyros_python/lib'
[1.097s] Level 1:colcon.colcon_core.environment:checking '/home/system/ros2_ws/install/dyros_python/bin'
[1.097s] Level 1:colcon.colcon_core.environment:checking '/home/system/ros2_ws/install/dyros_python/lib/pkgconfig/dyros_python.pc'
[1.097s] Level 1:colcon.colcon_core.environment:checking '/home/system/ros2_ws/install/dyros_python/lib/python3.10/site-packages'
[1.098s] Level 1:colcon.colcon_core.shell:create_environment_hook('dyros_python', 'pythonpath')
[1.098s] INFO:colcon.colcon_core.shell:Creating environment hook '/home/system/ros2_ws/install/dyros_python/share/dyros_python/hook/pythonpath.ps1'
[1.098s] INFO:colcon.colcon_core.shell:Creating environment descriptor '/home/system/ros2_ws/install/dyros_python/share/dyros_python/hook/pythonpath.dsv'
[1.098s] INFO:colcon.colcon_core.shell:Creating environment hook '/home/system/ros2_ws/install/dyros_python/share/dyros_python/hook/pythonpath.sh'
[1.099s] Level 1:colcon.colcon_core.environment:checking '/home/system/ros2_ws/install/dyros_python/bin'
[1.099s] Level 1:colcon.colcon_core.environment:create_environment_scripts_only(dyros_python)
[1.099s] INFO:colcon.colcon_core.shell:Creating package script '/home/system/ros2_ws/install/dyros_python/share/dyros_python/package.ps1'
[1.100s] INFO:colcon.colcon_core.shell:Creating package descriptor '/home/system/ros2_ws/install/dyros_python/share/dyros_python/package.dsv'
[1.100s] INFO:colcon.colcon_core.shell:Creating package script '/home/system/ros2_ws/install/dyros_python/share/dyros_python/package.sh'
[1.101s] INFO:colcon.colcon_core.shell:Creating package script '/home/system/ros2_ws/install/dyros_python/share/dyros_python/package.bash'
[1.101s] INFO:colcon.colcon_core.shell:Creating package script '/home/system/ros2_ws/install/dyros_python/share/dyros_python/package.zsh'
[1.102s] Level 1:colcon.colcon_core.environment:create_file_with_runtime_dependencies(/home/system/ros2_ws/install/dyros_python/share/colcon-core/packages/dyros_python)
[5.998s] DEBUG:colcon.colcon_core.event_handler.log_command:Invoked command in '/home/system/ros2_ws/build/dyros_cmake' returned '0': CMAKE_PREFIX_PATH=${CMAKE_PREFIX_PATH}:/opt/ros/humble /usr/bin/cmake --build /home/system/ros2_ws/build/dyros_cmake -- -j16 -l16
[6.021s] DEBUG:colcon.colcon_core.event_handler.log_command:Invoking command in '/home/system/ros2_ws/build/dyros_cmake': CMAKE_PREFIX_PATH=${CMAKE_PREFIX_PATH}:/opt/ros/humble /usr/bin/cmake --install /home/system/ros2_ws/build/dyros_cmake
[6.122s] Level 1:colcon.colcon_core.environment:create_environment_scripts_only(dyros_cmake)
[6.122s] Level 1:colcon.colcon_core.environment:checking '/home/system/ros2_ws/install/dyros_cmake' for CMake module files
[6.123s] DEBUG:colcon.colcon_core.event_handler.log_command:Invoked command in '/home/system/ros2_ws/build/dyros_cmake' returned '0': CMAKE_PREFIX_PATH=${CMAKE_PREFIX_PATH}:/opt/ros/humble /usr/bin/cmake --install /home/system/ros2_ws/build/dyros_cmake
[6.123s] Level 1:colcon.colcon_core.environment:checking '/home/system/ros2_ws/install/dyros_cmake' for CMake config files
[6.123s] Level 1:colcon.colcon_core.shell:create_environment_hook('dyros_cmake', 'cmake_prefix_path')
[6.123s] INFO:colcon.colcon_core.shell:Creating environment hook '/home/system/ros2_ws/install/dyros_cmake/share/dyros_cmake/hook/cmake_prefix_path.ps1'
[6.123s] INFO:colcon.colcon_core.shell:Creating environment descriptor '/home/system/ros2_ws/install/dyros_cmake/share/dyros_cmake/hook/cmake_prefix_path.dsv'
[6.124s] INFO:colcon.colcon_core.shell:Creating environment hook '/home/system/ros2_ws/install/dyros_cmake/share/dyros_cmake/hook/cmake_prefix_path.sh'
[6.124s] Level 1:colcon.colcon_core.environment:checking '/home/system/ros2_ws/install/dyros_cmake/lib'
[6.124s] Level 1:colcon.colcon_core.environment:checking '/home/system/ros2_ws/install/dyros_cmake/bin'
[6.124s] Level 1:colcon.colcon_core.environment:checking '/home/system/ros2_ws/install/dyros_cmake/lib/pkgconfig/dyros_cmake.pc'
[6.124s] Level 1:colcon.colcon_core.environment:checking '/home/system/ros2_ws/install/dyros_cmake/lib/python3.10/site-packages'
[6.124s] Level 1:colcon.colcon_core.environment:checking '/home/system/ros2_ws/install/dyros_cmake/bin'
[6.124s] INFO:colcon.colcon_core.shell:Creating package script '/home/system/ros2_ws/install/dyros_cmake/share/dyros_cmake/package.ps1'
[6.125s] INFO:colcon.colcon_core.shell:Creating package descriptor '/home/system/ros2_ws/install/dyros_cmake/share/dyros_cmake/package.dsv'
[6.125s] INFO:colcon.colcon_core.shell:Creating package script '/home/system/ros2_ws/install/dyros_cmake/share/dyros_cmake/package.sh'
[6.125s] INFO:colcon.colcon_core.shell:Creating package script '/home/system/ros2_ws/install/dyros_cmake/share/dyros_cmake/package.bash'
[6.125s] INFO:colcon.colcon_core.shell:Creating package script '/home/system/ros2_ws/install/dyros_cmake/share/dyros_cmake/package.zsh'
[6.125s] Level 1:colcon.colcon_core.environment:create_file_with_runtime_dependencies(/home/system/ros2_ws/install/dyros_cmake/share/colcon-core/packages/dyros_cmake)
[6.141s] Level 1:colcon.colcon_core.environment:create_environment_scripts_only(dyros_cmake)
[6.141s] Level 1:colcon.colcon_core.environment:checking '/home/system/ros2_ws/install/dyros_cmake' for CMake module files
[6.141s] Level 1:colcon.colcon_core.environment:checking '/home/system/ros2_ws/install/dyros_cmake' for CMake config files
[6.142s] Level 1:colcon.colcon_core.shell:create_environment_hook('dyros_cmake', 'cmake_prefix_path')
[6.142s] INFO:colcon.colcon_core.shell:Creating environment hook '/home/system/ros2_ws/install/dyros_cmake/share/dyros_cmake/hook/cmake_prefix_path.ps1'
[6.142s] INFO:colcon.colcon_core.shell:Creating environment descriptor '/home/system/ros2_ws/install/dyros_cmake/share/dyros_cmake/hook/cmake_prefix_path.dsv'
[6.142s] INFO:colcon.colcon_core.shell:Creating environment hook '/home/system/ros2_ws/install/dyros_cmake/share/dyros_cmake/hook/cmake_prefix_path.sh'
[6.143s] Level 1:colcon.colcon_core.environment:checking '/home/system/ros2_ws/install/dyros_cmake/lib'
[6.143s] Level 1:colcon.colcon_core.environment:checking '/home/system/ros2_ws/install/dyros_cmake/bin'
[6.143s] Level 1:colcon.colcon_core.environment:checking '/home/system/ros2_ws/install/dyros_cmake/lib/pkgconfig/dyros_cmake.pc'
[6.143s] Level 1:colcon.colcon_core.environment:checking '/home/system/ros2_ws/install/dyros_cmake/lib/python3.10/site-packages'
[6.143s] Level 1:colcon.colcon_core.environment:checking '/home/system/ros2_ws/install/dyros_cmake/bin'
[6.143s] INFO:colcon.colcon_core.shell:Creating package script '/home/system/ros2_ws/install/dyros_cmake/share/dyros_cmake/package.ps1'
[6.143s] INFO:colcon.colcon_core.shell:Creating package descriptor '/home/system/ros2_ws/install/dyros_cmake/share/dyros_cmake/package.dsv'
[6.144s] INFO:colcon.colcon_core.shell:Creating package script '/home/system/ros2_ws/install/dyros_cmake/share/dyros_cmake/package.sh'
[6.144s] INFO:colcon.colcon_core.shell:Creating package script '/home/system/ros2_ws/install/dyros_cmake/share/dyros_cmake/package.bash'
[6.144s] INFO:colcon.colcon_core.shell:Creating package script '/home/system/ros2_ws/install/dyros_cmake/share/dyros_cmake/package.zsh'
[6.144s] Level 1:colcon.colcon_core.environment:create_file_with_runtime_dependencies(/home/system/ros2_ws/install/dyros_cmake/share/colcon-core/packages/dyros_cmake)
[6.144s] DEBUG:colcon.colcon_parallel_executor.executor.parallel:closing loop
[6.144s] DEBUG:colcon.colcon_parallel_executor.executor.parallel:loop closed
[6.144s] DEBUG:colcon.colcon_parallel_executor.executor.parallel:run_until_complete finished with '0'
[6.144s] DEBUG:colcon.colcon_core.event_reactor:joining thread
[6.150s] INFO:colcon.colcon_core.plugin_system:Skipping extension 'colcon_notification.desktop_notification.terminal_notifier': Not used on non-Darwin systems
[6.150s] INFO:colcon.colcon_core.plugin_system:Skipping extension 'colcon_notification.desktop_notification.win32': Not used on non-Windows systems
[6.150s] INFO:colcon.colcon_notification.desktop_notification:Sending desktop notification using 'notify2'
[6.162s] DEBUG:colcon.colcon_core.event_reactor:joined thread
[6.162s] INFO:colcon.colcon_core.shell:Creating prefix script '/home/system/ros2_ws/install/local_setup.ps1'
[6.163s] INFO:colcon.colcon_core.shell:Creating prefix util module '/home/system/ros2_ws/install/_local_setup_util_ps1.py'
[6.163s] INFO:colcon.colcon_core.shell:Creating prefix chain script '/home/system/ros2_ws/install/setup.ps1'
[6.164s] INFO:colcon.colcon_core.shell:Creating prefix script '/home/system/ros2_ws/install/local_setup.sh'
[6.164s] INFO:colcon.colcon_core.shell:Creating prefix util module '/home/system/ros2_ws/install/_local_setup_util_sh.py'
[6.164s] INFO:colcon.colcon_core.shell:Creating prefix chain script '/home/system/ros2_ws/install/setup.sh'
[6.165s] INFO:colcon.colcon_core.shell:Creating prefix script '/home/system/ros2_ws/install/local_setup.bash'
[6.165s] INFO:colcon.colcon_core.shell:Creating prefix chain script '/home/system/ros2_ws/install/setup.bash'
[6.166s] INFO:colcon.colcon_core.shell:Creating prefix script '/home/system/ros2_ws/install/local_setup.zsh'
[6.166s] INFO:colcon.colcon_core.shell:Creating prefix chain script '/home/system/ros2_ws/install/setup.zsh'
