[0.006s] Invoking command in '/home/system/ros2_ws/build/dyros_cmake': CMAKE_PREFIX_PATH=/opt/ros/humble /usr/bin/cmake /home/system/ros2_ws/src/dyros_cmake -DCMAKE_INSTALL_PREFIX=/home/system/ros2_ws/install/dyros_cmake
[0.073s] -- The C compiler identification is GNU 11.4.0
[0.126s] -- The CXX compiler identification is GNU 11.4.0
[0.132s] -- Detecting C compiler ABI info
[0.176s] -- Detecting C compiler ABI info - done
[0.180s] -- Check for working C compiler: /usr/bin/cc - skipped
[0.180s] -- Detecting C compile features
[0.180s] -- Detecting C compile features - done
[0.182s] -- Detecting CXX compiler ABI info
[0.229s] -- Detecting CXX compiler ABI info - done
[0.233s] -- Check for working CXX compiler: /usr/bin/c++ - skipped
[0.233s] -- Detecting CXX compile features
[0.234s] -- Detecting CXX compile features - done
[0.236s] -- Found ament_cmake: 1.3.9 (/opt/ros/humble/share/ament_cmake/cmake)
[0.330s] -- Found Python3: /usr/bin/python3 (found version "3.10.12") found components: Interpreter 
[0.392s] -- Found ament_lint_auto: 0.12.11 (/opt/ros/humble/share/ament_lint_auto/cmake)
[0.452s] -- Added test 'cppcheck' to perform static code analysis on C / C++ code
[0.452s] -- Configured cppcheck include dirs: 
[0.452s] -- Configured cppcheck exclude dirs and/or files: 
[0.453s] -- Added test 'lint_cmake' to check CMake code style
[0.453s] -- Added test 'uncrustify' to check C / C++ code style
[0.453s] -- Configured uncrustify additional arguments: 
[0.453s] -- Added test 'xmllint' to check XML markup files
[0.455s] -- Configuring done
[0.456s] -- Generating done
[0.456s] -- Build files have been written to: /home/system/ros2_ws/build/dyros_cmake
[0.459s] Invoked command in '/home/system/ros2_ws/build/dyros_cmake' returned '0': CMAKE_PREFIX_PATH=/opt/ros/humble /usr/bin/cmake /home/system/ros2_ws/src/dyros_cmake -DCMAKE_INSTALL_PREFIX=/home/system/ros2_ws/install/dyros_cmake
[0.461s] Invoking command in '/home/system/ros2_ws/build/dyros_cmake': CMAKE_PREFIX_PATH=/opt/ros/humble /usr/bin/cmake --build /home/system/ros2_ws/build/dyros_cmake -- -j16 -l16
[0.482s] Invoked command in '/home/system/ros2_ws/build/dyros_cmake' returned '0': CMAKE_PREFIX_PATH=/opt/ros/humble /usr/bin/cmake --build /home/system/ros2_ws/build/dyros_cmake -- -j16 -l16
[0.502s] Invoking command in '/home/system/ros2_ws/build/dyros_cmake': CMAKE_PREFIX_PATH=/opt/ros/humble /usr/bin/cmake --install /home/system/ros2_ws/build/dyros_cmake
[0.506s] -- Install configuration: ""
[0.506s] -- Installing: /home/system/ros2_ws/install/dyros_cmake/share/ament_index/resource_index/package_run_dependencies/dyros_cmake
[0.506s] -- Installing: /home/system/ros2_ws/install/dyros_cmake/share/ament_index/resource_index/parent_prefix_path/dyros_cmake
[0.506s] -- Installing: /home/system/ros2_ws/install/dyros_cmake/share/dyros_cmake/environment/ament_prefix_path.sh
[0.506s] -- Installing: /home/system/ros2_ws/install/dyros_cmake/share/dyros_cmake/environment/ament_prefix_path.dsv
[0.506s] -- Installing: /home/system/ros2_ws/install/dyros_cmake/share/dyros_cmake/environment/path.sh
[0.506s] -- Installing: /home/system/ros2_ws/install/dyros_cmake/share/dyros_cmake/environment/path.dsv
[0.506s] -- Installing: /home/system/ros2_ws/install/dyros_cmake/share/dyros_cmake/local_setup.bash
[0.506s] -- Installing: /home/system/ros2_ws/install/dyros_cmake/share/dyros_cmake/local_setup.sh
[0.506s] -- Installing: /home/system/ros2_ws/install/dyros_cmake/share/dyros_cmake/local_setup.zsh
[0.506s] -- Installing: /home/system/ros2_ws/install/dyros_cmake/share/dyros_cmake/local_setup.dsv
[0.506s] -- Installing: /home/system/ros2_ws/install/dyros_cmake/share/dyros_cmake/package.dsv
[0.507s] -- Installing: /home/system/ros2_ws/install/dyros_cmake/share/ament_index/resource_index/packages/dyros_cmake
[0.507s] -- Installing: /home/system/ros2_ws/install/dyros_cmake/share/dyros_cmake/cmake/dyros_cmakeConfig.cmake
[0.507s] -- Installing: /home/system/ros2_ws/install/dyros_cmake/share/dyros_cmake/cmake/dyros_cmakeConfig-version.cmake
[0.507s] -- Installing: /home/system/ros2_ws/install/dyros_cmake/share/dyros_cmake/package.xml
[0.508s] Invoked command in '/home/system/ros2_ws/build/dyros_cmake' returned '0': CMAKE_PREFIX_PATH=/opt/ros/humble /usr/bin/cmake --install /home/system/ros2_ws/build/dyros_cmake
